Fenix3NotificationProxy/build/outputs/logs/manifest-merger-debug-report.txt
-- Merging decision tree log ---
manifest
ADDED from parkingFirstAndroid_AndroidStudio\Fenix3NotificationProxy\AndroidManifest.xml:2:1-34:12
	xmlns:android
		ADDED from parkingFirstAndroid_AndroidStudio\Fenix3NotificationProxy\AndroidManifest.xml:2:11-69
	package
		ADDED from parkingFirstAndroid_AndroidStudio\Fenix3NotificationProxy\AndroidManifest.xml:3:5-50
	android:versionName
		ADDED from parkingFirstAndroid_AndroidStudio\Fenix3NotificationProxy\AndroidManifest.xml:5:5-30
	android:versionCode
		ADDED from parkingFirstAndroid_AndroidStudio\Fenix3NotificationProxy\AndroidManifest.xml:4:5-28
		INJECTED from parkingFirstAndroid_AndroidStudio\Fenix3NotificationProxy\AndroidManifest.xml
		INJECTED from parkingFirstAndroid_AndroidStudio\Fenix3NotificationProxy\AndroidManifest.xml
uses-sdk
ADDED from parkingFirstAndroid_AndroidStudio\Fenix3NotificationProxy\AndroidManifest.xml:7:5-9:41
	android:targetSdkVersion
		ADDED from parkingFirstAndroid_AndroidStudio\Fenix3NotificationProxy\AndroidManifest.xml:9:9-38
	android:minSdkVersion
		ADDED from parkingFirstAndroid_AndroidStudio\Fenix3NotificationProxy\AndroidManifest.xml:8:9-35
application
ADDED from parkingFirstAndroid_AndroidStudio\Fenix3NotificationProxy\AndroidManifest.xml:11:5-32:19
	android:label
		ADDED from parkingFirstAndroid_AndroidStudio\Fenix3NotificationProxy\AndroidManifest.xml:14:9-41
	android:allowBackup
		ADDED from parkingFirstAndroid_AndroidStudio\Fenix3NotificationProxy\AndroidManifest.xml:12:9-35
	android:icon
		ADDED from parkingFirstAndroid_AndroidStudio\Fenix3NotificationProxy\AndroidManifest.xml:13:9-45
	android:theme
		ADDED from parkingFirstAndroid_AndroidStudio\Fenix3NotificationProxy\AndroidManifest.xml:15:9-40
activity#com.example.fenix3notificationproxy.MainActivity
ADDED from parkingFirstAndroid_AndroidStudio\Fenix3NotificationProxy\AndroidManifest.xml:16:9-24:20
	android:label
		ADDED from parkingFirstAndroid_AndroidStudio\Fenix3NotificationProxy\AndroidManifest.xml:18:13-45
	android:name
		ADDED from parkingFirstAndroid_AndroidStudio\Fenix3NotificationProxy\AndroidManifest.xml:17:13-41
intent-filter#android.intent.action.MAIN+android.intent.category.LAUNCHER
ADDED from parkingFirstAndroid_AndroidStudio\Fenix3NotificationProxy\AndroidManifest.xml:19:13-23:29
action#android.intent.action.MAIN
ADDED from parkingFirstAndroid_AndroidStudio\Fenix3NotificationProxy\AndroidManifest.xml:20:17-69
	android:name
		ADDED from parkingFirstAndroid_AndroidStudio\Fenix3NotificationProxy\AndroidManifest.xml:20:25-66
category#android.intent.category.LAUNCHER
ADDED from parkingFirstAndroid_AndroidStudio\Fenix3NotificationProxy\AndroidManifest.xml:22:17-77
	android:name
		ADDED from parkingFirstAndroid_AndroidStudio\Fenix3NotificationProxy\AndroidManifest.xml:22:27-74
service#com.example.fenix3notificationproxy.Fenix3NotificationListenerService2
ADDED from parkingFirstAndroid_AndroidStudio\Fenix3NotificationProxy\AndroidManifest.xml:25:9-31:19
	android:label
		ADDED from parkingFirstAndroid_AndroidStudio\Fenix3NotificationProxy\AndroidManifest.xml:26:18-57
	android:permission
		ADDED from parkingFirstAndroid_AndroidStudio\Fenix3NotificationProxy\AndroidManifest.xml:27:18-92
	android:name
		ADDED from parkingFirstAndroid_AndroidStudio\Fenix3NotificationProxy\AndroidManifest.xml:25:18-67
intent-filter#android.service.notification.NotificationListenerService
ADDED from parkingFirstAndroid_AndroidStudio\Fenix3NotificationProxy\AndroidManifest.xml:28:13-30:29
action#android.service.notification.NotificationListenerService
ADDED from parkingFirstAndroid_AndroidStudio\Fenix3NotificationProxy\AndroidManifest.xml:29:17-99
	android:name
		ADDED from parkingFirstAndroid_AndroidStudio\Fenix3NotificationProxy\AndroidManifest.xml:29:25-96